0 info it worked if it ends with ok
1 verbose cli [ '/Users/osk/.nvm/versions/node/v6.9.1/bin/node',
1 verbose cli   '/Users/osk/.nvm/versions/node/v6.9.1/bin/npm',
1 verbose cli   'run',
1 verbose cli   'lint' ]
2 info using npm@3.10.8
3 info using node@v6.9.1
4 verbose run-script [ 'prelint', 'lint', 'postlint' ]
5 info lifecycle verkefni6@0.0.0~prelint: verkefni6@0.0.0
6 silly lifecycle verkefni6@0.0.0~prelint: no script for prelint, continuing
7 info lifecycle verkefni6@0.0.0~lint: verkefni6@0.0.0
8 verbose lifecycle verkefni6@0.0.0~lint: unsafe-perm in lifecycle true
9 verbose lifecycle verkefni6@0.0.0~lint: PATH: /Users/osk/.nvm/versions/node/v6.9.1/lib/node_modules/npm/bin/node-gyp-bin:/Users/osk/Dropbox (Personal)/personal/kennsla/vefforritun/2016/verkefni/v6/gogn/node_modules/.bin:/Users/osk/.yarn/bin:/usr/local/opt/git/bin:/Users/osk/.nvm/versions/node/v6.9.1/bin:/usr/local/bin:/usr/bin:/bin:/usr/sbin:/sbin:/Users/osk/bin
10 verbose lifecycle verkefni6@0.0.0~lint: CWD: /Users/osk/Dropbox (Personal)/personal/kennsla/vefforritun/2016/verkefni/v6/gogn
11 silly lifecycle verkefni6@0.0.0~lint: Args: [ '-c', 'node ./node_modules/eslint/bin/eslint.js ./src/*.js' ]
12 silly lifecycle verkefni6@0.0.0~lint: Returned: code: 1  signal: null
13 info lifecycle verkefni6@0.0.0~lint: Failed to exec lint script
14 verbose stack Error: verkefni6@0.0.0 lint: `node ./node_modules/eslint/bin/eslint.js ./src/*.js`
14 verbose stack Exit status 1
14 verbose stack     at EventEmitter.<anonymous> (/Users/osk/.nvm/versions/node/v6.9.1/lib/node_modules/npm/lib/utils/lifecycle.js:255:16)
14 verbose stack     at emitTwo (events.js:106:13)
14 verbose stack     at EventEmitter.emit (events.js:191:7)
14 verbose stack     at ChildProcess.<anonymous> (/Users/osk/.nvm/versions/node/v6.9.1/lib/node_modules/npm/lib/utils/spawn.js:40:14)
14 verbose stack     at emitTwo (events.js:106:13)
14 verbose stack     at ChildProcess.emit (events.js:191:7)
14 verbose stack     at maybeClose (internal/child_process.js:877:16)
14 verbose stack     at Process.ChildProcess._handle.onexit (internal/child_process.js:226:5)
15 verbose pkgid verkefni6@0.0.0
16 verbose cwd /Users/osk/Dropbox (Personal)/personal/kennsla/vefforritun/2016/verkefni/v6/gogn
17 error Darwin 15.3.0
18 error argv "/Users/osk/.nvm/versions/node/v6.9.1/bin/node" "/Users/osk/.nvm/versions/node/v6.9.1/bin/npm" "run" "lint"
19 error node v6.9.1
20 error npm  v3.10.8
21 error code ELIFECYCLE
22 error verkefni6@0.0.0 lint: `node ./node_modules/eslint/bin/eslint.js ./src/*.js`
22 error Exit status 1
23 error Failed at the verkefni6@0.0.0 lint script 'node ./node_modules/eslint/bin/eslint.js ./src/*.js'.
23 error Make sure you have the latest version of node.js and npm installed.
23 error If you do, this is most likely a problem with the verkefni6 package,
23 error not with npm itself.
23 error Tell the author that this fails on your system:
23 error     node ./node_modules/eslint/bin/eslint.js ./src/*.js
23 error You can get information on how to open an issue for this project with:
23 error     npm bugs verkefni6
23 error Or if that isn't available, you can get their info via:
23 error     npm owner ls verkefni6
23 error There is likely additional logging output above.
24 verbose exit [ 1, true ]
